CRITICAL - 2023-06-06 07:27:50 --> Undefined variable $title
in APPPATH\Views\layout\header.php on line 13.
 1 APPPATH\Views\layout\header.php(13): CodeIgniter\Debug\Exceptions->errorHandler(2, 'Undefined variable $title', 'C:\\xampp\\htdocs\\ci4app\\app\\Views\\layout\\header.php', 13)
 2 SYSTEMPATH\View\View.php(213): include('C:\\xampp\\htdocs\\ci4app\\app\\Views\\layout\\header.php')
 3 SYSTEMPATH\View\View.php(216): CodeIgniter\View\View->CodeIgniter\View\{closure}()
 4 SYSTEMPATH\Common.php(1184): CodeIgniter\View\View->render('layout/header', [], true)
 5 APPPATH\Controllers\Page.php(19): view('layout/header')
 6 SYSTEMPATH\CodeIgniter.php(934): App\Controllers\Page->about()
 7 SYSTEMPATH\CodeIgniter.php(499): CodeIgniter\CodeIgniter->runController(Object(App\Controllers\Page))
 8 SYSTEMPATH\CodeIgniter.php(368): CodeIgniter\CodeIgniter->handleRequest(null, Object(Config\Cache), false)
 9 FCPATH\index.php(67): CodeIgniter\CodeIgniter->run()
10 SYSTEMPATH\Commands\Server\rewrite.php(47): require_once('C:\\xampp\\htdocs\\ci4app\\public\\index.php')
CRITICAL - 2023-06-06 07:29:28 --> Undefined variable $title
in APPPATH\Views\layout\header.php on line 13.
 1 APPPATH\Views\layout\header.php(13): CodeIgniter\Debug\Exceptions->errorHandler(2, 'Undefined variable $title', 'C:\\xampp\\htdocs\\ci4app\\app\\Views\\layout\\header.php', 13)
 2 SYSTEMPATH\View\View.php(213): include('C:\\xampp\\htdocs\\ci4app\\app\\Views\\layout\\header.php')
 3 SYSTEMPATH\View\View.php(216): CodeIgniter\View\View->CodeIgniter\View\{closure}()
 4 SYSTEMPATH\Common.php(1184): CodeIgniter\View\View->render('layout/header', [], true)
 5 APPPATH\Controllers\Page.php(22): view('layout/header')
 6 SYSTEMPATH\CodeIgniter.php(934): App\Controllers\Page->about()
 7 SYSTEMPATH\CodeIgniter.php(499): CodeIgniter\CodeIgniter->runController(Object(App\Controllers\Page))
 8 SYSTEMPATH\CodeIgniter.php(368): CodeIgniter\CodeIgniter->handleRequest(null, Object(Config\Cache), false)
 9 FCPATH\index.php(67): CodeIgniter\CodeIgniter->run()
10 SYSTEMPATH\Commands\Server\rewrite.php(47): require_once('C:\\xampp\\htdocs\\ci4app\\public\\index.php')
